<?xml version="1.0" encoding="UTF-8" ?>
<testsuites errors="0"
            failures="0"
            tests="4">

  <testsuite name="CONTABIL.ApuracaoResultado"
    errors="0" failures="0" hostname="" id="" package="CONTABIL" skipped="0"
    tests="4" time="34.34" timestamp="">
  
    <testcase name="Loga no sistema" classname="CONTABIL.ApuracaoResultado" time="30.05" assertions="7">

    

    

    

    

    

    

    
    </testcase>
  
    <testcase name="Acessa modulo contabil" classname="CONTABIL.ApuracaoResultado" time="0.6430" assertions="1">

    
    </testcase>
  
    <testcase name="Cadastro da apuracao" classname="CONTABIL.ApuracaoResultado" time="3.438" assertions="10">

    

    

    

    

    

    

    

    

    

    
    </testcase>
  
    <testcase name="Finaliza o teste" classname="CONTABIL.ApuracaoResultado" time="0.2030" assertions="0">
    </testcase>
  

  

    

  
  </testsuite>
</testsuites>
